<?xml version="1.0" encoding="UTF-8"?>
<!-- Generated by org.testng.reporters.JUnitReportReporter -->
<testsuite hostname="DESKTOP-9HG1TI6" failures="0" tests="2" name="tests.TestsExamples" time="6.231" errors="0" timestamp="2024-08-07T23:51:36 IST" skipped="0">
  <testcase classname="tests.TestsExamples" name="test_2" time="1.668"/>
  <testcase classname="tests.TestsExamples" name="test_1" time="4.563"/>
</testsuite> <!-- tests.TestsExamples -->
