<?xml version="1.0" encoding="UTF-8"?>
<!-- Generated by org.testng.reporters.JUnitReportReporter -->
<testsuite hostname="DESKTOP-9HG1TI6" failures="0" tests="1" name="tests.SoapXMLRequest" time="5.157" errors="0" timestamp="2024-08-09T21:28:21 IST" skipped="0">
  <testcase classname="tests.SoapXMLRequest" name="validateSoapXML" time="5.157"/>
</testsuite> <!-- tests.SoapXMLRequest -->
