<?xml version="1.0" encoding="UTF-8"?>
<!-- Generated by org.testng.reporters.JUnitReportReporter -->
<testsuite hostname="DESKTOP-9HG1TI6" failures="0" tests="1" name="tests.GetAndPostExamples" time="4.726" errors="0" timestamp="2024-08-08T00:46:47 IST" skipped="0">
  <testcase classname="tests.GetAndPostExamples" name="testPost" time="4.726"/>
</testsuite> <!-- tests.GetAndPostExamples -->
