<?xml version="1.0" encoding="UTF-8"?>
<!-- Generated by org.testng.reporters.JUnitReportReporter -->
<testsuite hostname="DESKTOP-9HG1TI6" failures="0" tests="1" name="tests.JSONSchemaValidator" time="4.214" errors="0" timestamp="2024-08-08T22:35:11 IST" skipped="0">
  <testcase classname="tests.JSONSchemaValidator" name="testGet" time="4.214"/>
</testsuite> <!-- tests.JSONSchemaValidator -->
